0 info it worked if it ends with ok
1 verbose cli [ 'C:\\Program Files (x86)\\nodejs\\node.exe',
1 verbose cli   'C:\\Program Files (x86)\\nodejs\\node_modules\\npm\\bin\\npm-cli.js',
1 verbose cli   'install',
1 verbose cli   'gulp-mimify-css',
1 verbose cli   '--save' ]
2 info using npm@2.14.7
3 info using node@v4.2.3
4 verbose install initial load of d:\Projects\BMONionic\package.json
5 warn package.json bmonionic@1.1.1 No repository field.
6 warn package.json bmonionic@1.1.1 No README data
7 warn package.json bmonionic@1.1.1 No license field.
8 verbose installManyTop reading scoped package data from d:\Projects\BMONionic\node_modules\bower\package.json
9 verbose installManyTop reading scoped package data from d:\Projects\BMONionic\node_modules\chart.js\package.json
10 verbose installManyTop reading scoped package data from d:\Projects\BMONionic\node_modules\gulp\package.json
11 verbose installManyTop reading scoped package data from d:\Projects\BMONionic\node_modules\gulp-clean-css\package.json
12 verbose installManyTop reading scoped package data from d:\Projects\BMONionic\node_modules\gulp-concat\package.json
13 verbose installManyTop reading scoped package data from d:\Projects\BMONionic\node_modules\gulp-sass\package.json
14 verbose installManyTop reading scoped package data from d:\Projects\BMONionic\node_modules\gulp-util\package.json
15 verbose readDependencies loading dependencies from d:\Projects\BMONionic\package.json
16 silly cache add args [ 'gulp-mimify-css', null ]
17 verbose cache add spec gulp-mimify-css
18 silly cache add parsed spec Result {
18 silly cache add   raw: 'gulp-mimify-css',
18 silly cache add   scope: null,
18 silly cache add   name: 'gulp-mimify-css',
18 silly cache add   rawSpec: '',
18 silly cache add   spec: '*',
18 silly cache add   type: 'range' }
19 silly addNamed gulp-mimify-css@*
20 verbose addNamed "*" is a valid semver range for gulp-mimify-css
21 silly addNameRange { name: 'gulp-mimify-css', range: '*', hasData: false }
22 silly mapToRegistry name gulp-mimify-css
23 silly mapToRegistry using default registry
24 silly mapToRegistry registry https://registry.npmjs.org/
25 silly mapToRegistry uri https://registry.npmjs.org/gulp-mimify-css
26 verbose addNameRange registry:https://registry.npmjs.org/gulp-mimify-css not in flight; fetching
27 verbose request uri https://registry.npmjs.org/gulp-mimify-css
28 verbose request no auth needed
29 info attempt registry request try #1 at 19:44:07
30 verbose request id e493e65d994d8a89
31 http request GET https://registry.npmjs.org/gulp-mimify-css
32 http 404 https://registry.npmjs.org/gulp-mimify-css
33 verbose headers { 'content-type': 'application/json',
33 verbose headers   'cache-control': 'max-age=0',
33 verbose headers   'content-length': '2',
33 verbose headers   'accept-ranges': 'bytes',
33 verbose headers   date: 'Mon, 23 Jan 2017 12:44:08 GMT',
33 verbose headers   via: '1.1 varnish',
33 verbose headers   age: '0',
33 verbose headers   connection: 'keep-alive',
33 verbose headers   'x-served-by': 'cache-sin6927-SIN',
33 verbose headers   'x-cache': 'MISS',
33 verbose headers   'x-cache-hits': '0',
33 verbose headers   'x-timer': 'S1485175447.626890,VS0,VE1109',
33 verbose headers   vary: 'Accept-Encoding' }
34 silly get cb [ 404,
34 silly get   { 'content-type': 'application/json',
34 silly get     'cache-control': 'max-age=0',
34 silly get     'content-length': '2',
34 silly get     'accept-ranges': 'bytes',
34 silly get     date: 'Mon, 23 Jan 2017 12:44:08 GMT',
34 silly get     via: '1.1 varnish',
34 silly get     age: '0',
34 silly get     connection: 'keep-alive',
34 silly get     'x-served-by': 'cache-sin6927-SIN',
34 silly get     'x-cache': 'MISS',
34 silly get     'x-cache-hits': '0',
34 silly get     'x-timer': 'S1485175447.626890,VS0,VE1109',
34 silly get     vary: 'Accept-Encoding' } ]
35 verbose stack Error: Registry returned 404 for GET on https://registry.npmjs.org/gulp-mimify-css
35 verbose stack     at makeError (C:\Program Files (x86)\nodejs\node_modules\npm\node_modules\npm-registry-client\lib\request.js:264:12)
35 verbose stack     at CachingRegistryClient.<anonymous> (C:\Program Files (x86)\nodejs\node_modules\npm\node_modules\npm-registry-client\lib\request.js:242:14)
35 verbose stack     at Request._callback (C:\Program Files (x86)\nodejs\node_modules\npm\node_modules\npm-registry-client\lib\request.js:172:14)
35 verbose stack     at Request.self.callback (C:\Program Files (x86)\nodejs\node_modules\npm\node_modules\request\request.js:198:22)
35 verbose stack     at emitTwo (events.js:87:13)
35 verbose stack     at Request.emit (events.js:172:7)
35 verbose stack     at Request.<anonymous> (C:\Program Files (x86)\nodejs\node_modules\npm\node_modules\request\request.js:1063:14)
35 verbose stack     at emitOne (events.js:82:20)
35 verbose stack     at Request.emit (events.js:169:7)
35 verbose stack     at IncomingMessage.<anonymous> (C:\Program Files (x86)\nodejs\node_modules\npm\node_modules\request\request.js:1009:12)
36 verbose statusCode 404
37 verbose pkgid gulp-mimify-css
38 verbose cwd d:\Projects\BMONionic
39 error Windows_NT 10.0.14393
40 error argv "C:\\Program Files (x86)\\nodejs\\node.exe" "C:\\Program Files (x86)\\nodejs\\node_modules\\npm\\bin\\npm-cli.js" "install" "gulp-mimify-css" "--save"
41 error node v4.2.3
42 error npm  v2.14.7
43 error code E404
44 error 404 Registry returned 404 for GET on https://registry.npmjs.org/gulp-mimify-css
44 error 404
44 error 404 'gulp-mimify-css' is not in the npm registry.
44 error 404 You should bug the author to publish it (or use the name yourself!)
44 error 404 It was specified as a dependency of 'bmonionic'
44 error 404
44 error 404 Note that you can also install from a
44 error 404 tarball, folder, http url, or git url.
45 verbose exit [ 1, true ]
